<?xml version="1.0" encoding="utf-8"?><testsuites name="pytest tests"><testsuite name="pytest" errors="0" failures="2" skipped="0" tests="12" time="20.368" timestamp="2026-01-29T22:06:52.029659+00:00" hostname="agent-env-083f0262-1df5-4cd1-b6dd-7c9edfbca4bc"><testcase classname="backend.tests.test_new_features.TestHealthAndBasics" name="test_health_endpoint" time="0.079" /><testcase classname="backend.tests.test_new_features.TestYouTubePreviewAPI" name="test_youtube_preview_valid_video" time="0.120" /><testcase classname="backend.tests.test_new_features.TestYouTubePreviewAPI" name="test_youtube_preview_invalid_video" time="0.115" /><testcase classname="backend.tests.test_new_features.TestScreenshotAnalysisAPI" name="test_screenshot_analysis_endpoint_exists" time="0.042" /><testcase classname="backend.tests.test_new_features.TestScreenshotAnalysisAPI" name="test_screenshot_analysis_with_context" time="0.041" /><testcase classname="backend.tests.test_new_features.TestVideoQAAPI" name="test_video_qa_without_video" time="0.047"><failure message="assert 422 == 200&#10; +  where 422 = &lt;Response [422]&gt;.status_code">backend/tests/test_new_features.py:138: in test_video_qa_without_video
    assert response.status_code == 200
E   assert 422 == 200
E    +  where 422 = &lt;Response [422]&gt;.status_code</failure></testcase><testcase classname="backend.tests.test_new_features.TestVideoQAAPI" name="test_video_qa_with_video" time="4.949" /><testcase classname="backend.tests.test_new_features.TestContextualHelpAPI" name="test_contextual_help_explain" time="3.774" /><testcase classname="backend.tests.test_new_features.TestContextualHelpAPI" name="test_contextual_help_example" time="4.318" /><testcase classname="backend.tests.test_new_features.TestTranscriptAPI" name="test_transcript_fetch" time="2.264"><failure message="assert 520 == 200&#10; +  where 520 = &lt;Response [520]&gt;.status_code">backend/tests/test_new_features.py:229: in test_transcript_fetch
    assert response.status_code == 200
E   assert 520 == 200
E    +  where 520 = &lt;Response [520]&gt;.status_code</failure></testcase><testcase classname="backend.tests.test_new_features.TestProactiveAnalysisAPI" name="test_proactive_analysis" time="2.069" /><testcase classname="backend.tests.test_new_features.TestComprehensionCheckAPI" name="test_comprehension_check" time="2.461" /></testsuite></testsuites>