<?xml version="1.0" encoding="utf-8"?><testsuites name="pytest tests"><testsuite name="pytest" errors="0" failures="0" skipped="0" tests="12" time="26.853" timestamp="2026-01-29T22:07:46.391425+00:00" hostname="agent-env-083f0262-1df5-4cd1-b6dd-7c9edfbca4bc"><testcase classname="backend.tests.test_new_features.TestHealthAndBasics" name="test_health_endpoint" time="0.063" /><testcase classname="backend.tests.test_new_features.TestYouTubePreviewAPI" name="test_youtube_preview_valid_video" time="0.102" /><testcase classname="backend.tests.test_new_features.TestYouTubePreviewAPI" name="test_youtube_preview_invalid_video" time="0.074" /><testcase classname="backend.tests.test_new_features.TestScreenshotAnalysisAPI" name="test_screenshot_analysis_endpoint_exists" time="0.044" /><testcase classname="backend.tests.test_new_features.TestScreenshotAnalysisAPI" name="test_screenshot_analysis_with_context" time="0.042" /><testcase classname="backend.tests.test_new_features.TestVideoQAAPI" name="test_video_qa_without_video" time="4.843" /><testcase classname="backend.tests.test_new_features.TestVideoQAAPI" name="test_video_qa_with_video" time="4.940" /><testcase classname="backend.tests.test_new_features.TestContextualHelpAPI" name="test_contextual_help_explain" time="4.101" /><testcase classname="backend.tests.test_new_features.TestContextualHelpAPI" name="test_contextual_help_example" time="4.429" /><testcase classname="backend.tests.test_new_features.TestTranscriptAPI" name="test_transcript_fetch" time="3.105" /><testcase classname="backend.tests.test_new_features.TestProactiveAnalysisAPI" name="test_proactive_analysis" time="2.023" /><testcase classname="backend.tests.test_new_features.TestComprehensionCheckAPI" name="test_comprehension_check" time="3.021" /></testsuite></testsuites>