<?xml version="1.0" encoding="utf-8"?><testsuites name="pytest tests"><testsuite name="pytest" errors="0" failures="0" skipped="0" tests="20" time="45.751" timestamp="2026-01-29T20:00:36.444389+00:00" hostname="agent-env-083f0262-1df5-4cd1-b6dd-7c9edfbca4bc"><testcase classname="backend.tests.test_learning_path_feature.TestHealthCheck" name="test_health_endpoint" time="0.082" /><testcase classname="backend.tests.test_learning_path_feature.TestYouTubePreviewAPI" name="test_youtube_preview_valid_video" time="0.167" /><testcase classname="backend.tests.test_learning_path_feature.TestYouTubePreviewAPI" name="test_youtube_preview_another_video" time="0.079" /><testcase classname="backend.tests.test_learning_path_feature.TestYouTubePreviewAPI" name="test_youtube_preview_invalid_video" time="0.095" /><testcase classname="backend.tests.test_learning_path_feature.TestLearningOnboardAPI" name="test_onboard_software_industry" time="4.661" /><testcase classname="backend.tests.test_learning_path_feature.TestLearningOnboardAPI" name="test_onboard_data_science_industry" time="4.832" /><testcase classname="backend.tests.test_learning_path_feature.TestLearningOnboardAPI" name="test_onboard_business_industry" time="4.283" /><testcase classname="backend.tests.test_learning_path_feature.TestResearchResourcesAPI" name="test_research_python_resources" time="7.531" /><testcase classname="backend.tests.test_learning_path_feature.TestResearchResourcesAPI" name="test_research_react_resources" time="8.692" /><testcase classname="backend.tests.test_learning_path_feature.TestCustomLearningPathsAPI" name="test_create_custom_learning_path" time="0.120" /><testcase classname="backend.tests.test_learning_path_feature.TestCustomLearningPathsAPI" name="test_get_all_learning_paths" time="0.154" /><testcase classname="backend.tests.test_learning_path_feature.TestCustomLearningPathsAPI" name="test_get_specific_learning_path" time="0.087" /><testcase classname="backend.tests.test_learning_path_feature.TestCustomLearningPathsAPI" name="test_add_topic_to_path" time="0.085" /><testcase classname="backend.tests.test_learning_path_feature.TestCustomLearningPathsAPI" name="test_add_nested_topic" time="0.383" /><testcase classname="backend.tests.test_learning_path_feature.TestCustomLearningPathsAPI" name="test_update_topic" time="2.761" /><testcase classname="backend.tests.test_learning_path_feature.TestCustomLearningPathsAPI" name="test_delete_topic" time="0.302" /><testcase classname="backend.tests.test_learning_path_feature.TestCustomLearningPathsAPI" name="test_get_nonexistent_path" time="0.040" /><testcase classname="backend.tests.test_learning_path_feature.TestVideoLearningAPIs" name="test_video_qa_endpoint" time="5.162" /><testcase classname="backend.tests.test_learning_path_feature.TestVideoLearningAPIs" name="test_video_contextual_help" time="3.963" /><testcase classname="backend.tests.test_learning_path_feature.TestVideoLearningAPIs" name="test_video_comprehension_check" time="2.184" /></testsuite></testsuites>