<?xml version="1.0" encoding="utf-8"?><testsuites name="pytest tests"><testsuite name="pytest" errors="0" failures="0" skipped="0" tests="20" time="86.457" timestamp="2026-01-27T02:35:33.299386+00:00" hostname="agent-env-db4b9f76-78dc-4374-beea-fdbb636273c1"><testcase classname="backend.tests.test_learning_agents.TestHealthCheck" name="test_health_endpoint" time="0.073" /><testcase classname="backend.tests.test_learning_agents.TestAgentsAPI" name="test_list_agents" time="0.041" /><testcase classname="backend.tests.test_learning_agents.TestAgentsAPI" name="test_agent_chat_coding" time="5.462" /><testcase classname="backend.tests.test_learning_agents.TestAgentsAPI" name="test_agent_chat_health" time="3.132" /><testcase classname="backend.tests.test_learning_agents.TestAgentsAPI" name="test_agent_chat_travel" time="8.816" /><testcase classname="backend.tests.test_learning_agents.TestAgentsAPI" name="test_agent_chat_business" time="3.172" /><testcase classname="backend.tests.test_learning_agents.TestAgentsAPI" name="test_agent_chat_invalid_type" time="0.080" /><testcase classname="backend.tests.test_learning_agents.TestHealthAgentSpecialized" name="test_health_explain_simple" time="2.853" /><testcase classname="backend.tests.test_learning_agents.TestHealthAgentSpecialized" name="test_health_explain_intermediate" time="3.975" /><testcase classname="backend.tests.test_learning_agents.TestTravelAgentSpecialized" name="test_travel_plan_basic" time="9.757" /><testcase classname="backend.tests.test_learning_agents.TestTravelAgentSpecialized" name="test_travel_plan_luxury" time="9.936" /><testcase classname="backend.tests.test_learning_agents.TestBusinessAgentSpecialized" name="test_business_analyze" time="15.085" /><testcase classname="backend.tests.test_learning_agents.TestLearningPathOnboard" name="test_onboard_software_engineer" time="3.696" /><testcase classname="backend.tests.test_learning_agents.TestLearningPathOnboard" name="test_onboard_data_analyst" time="6.089" /><testcase classname="backend.tests.test_learning_agents.TestLearningPathOnboard" name="test_onboard_business_strategy" time="4.588" /><testcase classname="backend.tests.test_learning_agents.TestLearningPathMentor" name="test_mentor_basic_question" time="3.476" /><testcase classname="backend.tests.test_learning_agents.TestLearningPathMentor" name="test_mentor_with_history" time="5.788" /><testcase classname="backend.tests.test_learning_agents.TestLearningPathTopicCompletion" name="test_complete_topic" time="0.093" /><testcase classname="backend.tests.test_learning_agents.TestLearningPathTopicCompletion" name="test_complete_multiple_topics" time="0.075" /><testcase classname="backend.tests.test_learning_agents.TestLearningPathProgress" name="test_get_progress" time="0.075" /></testsuite></testsuites>